{"G:\\Projects\\Solvd_laba\\personal_project_1\\src\\app.js": {"path":"G:\\Projects\\Solvd_laba\\personal_project_1\\src\\app.js","statementMap":{"0":{"start":{"line":5,"column":12},"end":{"line":5,"column":21}},"1":{"start":{"line":6,"column":0},"end":{"line":6,"column":24}},"2":{"start":{"line":8,"column":0},"end":{"line":8,"column":21}}},"fnMap":{},"branchMap":{},"s":{"0":1,"1":1,"2":1},"f":{},"b":{},"inputSourceMap":null,"_coverageSchema":"1a1c01bbd47fc00a2c39e90264f33305004495a9","hash":"9eb661d4377291cce9998a9aa897564aaad04b89"}
,"G:\\Projects\\Solvd_laba\\personal_project_1\\src\\config\\db.js": {"path":"G:\\Projects\\Solvd_laba\\personal_project_1\\src\\config\\db.js","statementMap":{"0":{"start":{"line":2,"column":19},"end":{"line":2,"column":22}},"1":{"start":{"line":4,"column":22},"end":{"line":10,"column":2}},"2":{"start":{"line":13,"column":0},"end":{"line":13,"column":23}},"3":{"start":{"line":14,"column":0},"end":{"line":14,"column":41}}},"fnMap":{},"branchMap":{"0":{"loc":{"start":{"line":5,"column":8},"end":{"line":5,"column":47}},"type":"binary-expr","locations":[{"start":{"line":5,"column":8},"end":{"line":5,"column":33}},{"start":{"line":5,"column":37},"end":{"line":5,"column":47}}],"line":5},"1":{"loc":{"start":{"line":6,"column":8},"end":{"line":6,"column":48}},"type":"binary-expr","locations":[{"start":{"line":6,"column":8},"end":{"line":6,"column":33}},{"start":{"line":6,"column":37},"end":{"line":6,"column":48}}],"line":6},"2":{"loc":{"start":{"line":7,"column":12},"end":{"line":7,"column":49}},"type":"binary-expr","locations":[{"start":{"line":7,"column":12},"end":{"line":7,"column":35}},{"start":{"line":7,"column":39},"end":{"line":7,"column":49}}],"line":7},"3":{"loc":{"start":{"line":8,"column":12},"end":{"line":8,"column":55}},"type":"binary-expr","locations":[{"start":{"line":8,"column":12},"end":{"line":8,"column":41}},{"start":{"line":8,"column":45},"end":{"line":8,"column":55}}],"line":8},"4":{"loc":{"start":{"line":9,"column":8},"end":{"line":9,"column":41}},"type":"binary-expr","locations":[{"start":{"line":9,"column":8},"end":{"line":9,"column":33}},{"start":{"line":9,"column":37},"end":{"line":9,"column":41}}],"line":9}},"s":{"0":1,"1":1,"2":1,"3":1},"f":{},"b":{"0":[1,1],"1":[1,1],"2":[1,1],"3":[1,1],"4":[1,1]},"inputSourceMap":null,"_coverageSchema":"1a1c01bbd47fc00a2c39e90264f33305004495a9","hash":"fa74458131fa4ad73460f6c320acdb60e08af74f"}
,"G:\\Projects\\Solvd_laba\\personal_project_1\\src\\config\\redis.js": {"path":"G:\\Projects\\Solvd_laba\\personal_project_1\\src\\config\\redis.js","statementMap":{"0":{"start":{"line":3,"column":18},"end":{"line":3,"column":55}},"1":{"start":{"line":4,"column":18},"end":{"line":4,"column":48}},"2":{"start":{"line":6,"column":21},"end":{"line":9,"column":2}},"3":{"start":{"line":11,"column":0},"end":{"line":13,"column":3}},"4":{"start":{"line":12,"column":2},"end":{"line":12,"column":38}},"5":{"start":{"line":15,"column":0},"end":{"line":17,"column":3}},"6":{"start":{"line":16,"column":2},"end":{"line":16,"column":38}}},"fnMap":{"0":{"name":"(anonymous_0)","decl":{"start":{"line":11,"column":20},"end":{"line":11,"column":21}},"loc":{"start":{"line":11,"column":26},"end":{"line":13,"column":1}},"line":11},"1":{"name":"(anonymous_1)","decl":{"start":{"line":15,"column":18},"end":{"line":15,"column":19}},"loc":{"start":{"line":15,"column":27},"end":{"line":17,"column":1}},"line":15}},"branchMap":{"0":{"loc":{"start":{"line":3,"column":18},"end":{"line":3,"column":55}},"type":"binary-expr","locations":[{"start":{"line":3,"column":18},"end":{"line":3,"column":40}},{"start":{"line":3,"column":44},"end":{"line":3,"column":55}}],"line":3},"1":{"loc":{"start":{"line":4,"column":18},"end":{"line":4,"column":48}},"type":"binary-expr","locations":[{"start":{"line":4,"column":18},"end":{"line":4,"column":40}},{"start":{"line":4,"column":44},"end":{"line":4,"column":48}}],"line":4}},"s":{"0":1,"1":1,"2":1,"3":1,"4":1,"5":1,"6":0},"f":{"0":1,"1":0},"b":{"0":[1,1],"1":[1,1]},"inputSourceMap":null,"_coverageSchema":"1a1c01bbd47fc00a2c39e90264f33305004495a9","hash":"1cf8dcbce2c87267e951750744880f1cc60b249a"}
,"G:\\Projects\\Solvd_laba\\personal_project_1\\src\\controllers\\appointmentController.js": {"path":"G:\\Projects\\Solvd_laba\\personal_project_1\\src\\controllers\\appointmentController.js","statementMap":{"0":{"start":{"line":3,"column":34},"end":{"line":10,"column":1}},"1":{"start":{"line":4,"column":2},"end":{"line":9,"column":3}},"2":{"start":{"line":5,"column":25},"end":{"line":5,"column":70}},"3":{"start":{"line":6,"column":4},"end":{"line":6,"column":46}},"4":{"start":{"line":8,"column":4},"end":{"line":8,"column":58}},"5":{"start":{"line":12,"column":34},"end":{"line":22,"column":1}},"6":{"start":{"line":13,"column":2},"end":{"line":21,"column":3}},"7":{"start":{"line":14,"column":24},"end":{"line":14,"column":82}},"8":{"start":{"line":15,"column":4},"end":{"line":17,"column":5}},"9":{"start":{"line":16,"column":6},"end":{"line":16,"column":70}},"10":{"start":{"line":18,"column":4},"end":{"line":18,"column":45}},"11":{"start":{"line":20,"column":4},"end":{"line":20,"column":58}},"12":{"start":{"line":24,"column":33},"end":{"line":31,"column":1}},"13":{"start":{"line":25,"column":2},"end":{"line":30,"column":3}},"14":{"start":{"line":26,"column":24},"end":{"line":26,"column":76}},"15":{"start":{"line":27,"column":4},"end":{"line":27,"column":45}},"16":{"start":{"line":29,"column":4},"end":{"line":29,"column":58}},"17":{"start":{"line":33,"column":33},"end":{"line":40,"column":1}},"18":{"start":{"line":34,"column":2},"end":{"line":39,"column":3}},"19":{"start":{"line":35,"column":20},"end":{"line":35,"column":87}},"20":{"start":{"line":36,"column":4},"end":{"line":36,"column":41}},"21":{"start":{"line":38,"column":4},"end":{"line":38,"column":58}},"22":{"start":{"line":42,"column":33},"end":{"line":49,"column":1}},"23":{"start":{"line":43,"column":2},"end":{"line":48,"column":3}},"24":{"start":{"line":44,"column":4},"end":{"line":44,"column":62}},"25":{"start":{"line":45,"column":4},"end":{"line":45,"column":68}},"26":{"start":{"line":47,"column":4},"end":{"line":47,"column":58}}},"fnMap":{"0":{"name":"(anonymous_0)","decl":{"start":{"line":3,"column":34},"end":{"line":3,"column":35}},"loc":{"start":{"line":3,"column":54},"end":{"line":10,"column":1}},"line":3},"1":{"name":"(anonymous_1)","decl":{"start":{"line":12,"column":34},"end":{"line":12,"column":35}},"loc":{"start":{"line":12,"column":54},"end":{"line":22,"column":1}},"line":12},"2":{"name":"(anonymous_2)","decl":{"start":{"line":24,"column":33},"end":{"line":24,"column":34}},"loc":{"start":{"line":24,"column":53},"end":{"line":31,"column":1}},"line":24},"3":{"name":"(anonymous_3)","decl":{"start":{"line":33,"column":33},"end":{"line":33,"column":34}},"loc":{"start":{"line":33,"column":53},"end":{"line":40,"column":1}},"line":33},"4":{"name":"(anonymous_4)","decl":{"start":{"line":42,"column":33},"end":{"line":42,"column":34}},"loc":{"start":{"line":42,"column":53},"end":{"line":49,"column":1}},"line":42}},"branchMap":{"0":{"loc":{"start":{"line":15,"column":4},"end":{"line":17,"column":5}},"type":"if","locations":[{"start":{"line":15,"column":4},"end":{"line":17,"column":5}},{"start":{},"end":{}}],"line":15}},"s":{"0":1,"1":0,"2":0,"3":0,"4":0,"5":1,"6":0,"7":0,"8":0,"9":0,"10":0,"11":0,"12":1,"13":0,"14":0,"15":0,"16":0,"17":1,"18":0,"19":0,"20":0,"21":0,"22":1,"23":0,"24":0,"25":0,"26":0},"f":{"0":0,"1":0,"2":0,"3":0,"4":0},"b":{"0":[0,0]},"inputSourceMap":null,"_coverageSchema":"1a1c01bbd47fc00a2c39e90264f33305004495a9","hash":"1d3a4208d64481596622a053be88e5ac5e92e774"}
,"G:\\Projects\\Solvd_laba\\personal_project_1\\src\\controllers\\authController.js": {"path":"G:\\Projects\\Solvd_laba\\personal_project_1\\src\\controllers\\authController.js","statementMap":{"0":{"start":{"line":3,"column":24},"end":{"line":12,"column":1}},"1":{"start":{"line":4,"column":2},"end":{"line":11,"column":3}},"2":{"start":{"line":5,"column":32},"end":{"line":5,"column":40}},"3":{"start":{"line":6,"column":17},"end":{"line":6,"column":60}},"4":{"start":{"line":7,"column":4},"end":{"line":7,"column":42}},"5":{"start":{"line":9,"column":4},"end":{"line":9,"column":44}},"6":{"start":{"line":10,"column":4},"end":{"line":10,"column":58}},"7":{"start":{"line":14,"column":21},"end":{"line":22,"column":1}},"8":{"start":{"line":15,"column":2},"end":{"line":21,"column":3}},"9":{"start":{"line":16,"column":32},"end":{"line":16,"column":40}},"10":{"start":{"line":17,"column":22},"end":{"line":17,"column":62}},"11":{"start":{"line":18,"column":4},"end":{"line":18,"column":43}},"12":{"start":{"line":20,"column":4},"end":{"line":20,"column":58}},"13":{"start":{"line":24,"column":22},"end":{"line":34,"column":1}},"14":{"start":{"line":25,"column":2},"end":{"line":33,"column":3}},"15":{"start":{"line":26,"column":18},"end":{"line":26,"column":58}},"16":{"start":{"line":27,"column":4},"end":{"line":27,"column":78}},"17":{"start":{"line":27,"column":17},"end":{"line":27,"column":77}},"18":{"start":{"line":29,"column":4},"end":{"line":29,"column":36}},"19":{"start":{"line":30,"column":4},"end":{"line":30,"column":59}},"20":{"start":{"line":32,"column":4},"end":{"line":32,"column":58}},"21":{"start":{"line":36,"column":26},"end":{"line":43,"column":1}},"22":{"start":{"line":37,"column":2},"end":{"line":42,"column":3}},"23":{"start":{"line":38,"column":17},"end":{"line":38,"column":58}},"24":{"start":{"line":39,"column":4},"end":{"line":39,"column":42}},"25":{"start":{"line":41,"column":4},"end":{"line":41,"column":58}}},"fnMap":{"0":{"name":"(anonymous_0)","decl":{"start":{"line":3,"column":24},"end":{"line":3,"column":25}},"loc":{"start":{"line":3,"column":44},"end":{"line":12,"column":1}},"line":3},"1":{"name":"(anonymous_1)","decl":{"start":{"line":14,"column":21},"end":{"line":14,"column":22}},"loc":{"start":{"line":14,"column":41},"end":{"line":22,"column":1}},"line":14},"2":{"name":"(anonymous_2)","decl":{"start":{"line":24,"column":22},"end":{"line":24,"column":23}},"loc":{"start":{"line":24,"column":42},"end":{"line":34,"column":1}},"line":24},"3":{"name":"(anonymous_3)","decl":{"start":{"line":36,"column":26},"end":{"line":36,"column":27}},"loc":{"start":{"line":36,"column":46},"end":{"line":43,"column":1}},"line":36}},"branchMap":{"0":{"loc":{"start":{"line":27,"column":4},"end":{"line":27,"column":78}},"type":"if","locations":[{"start":{"line":27,"column":4},"end":{"line":27,"column":78}},{"start":{},"end":{}}],"line":27}},"s":{"0":1,"1":1,"2":1,"3":1,"4":0,"5":1,"6":1,"7":1,"8":1,"9":1,"10":1,"11":0,"12":1,"13":1,"14":1,"15":1,"16":1,"17":0,"18":1,"19":1,"20":0,"21":1,"22":0,"23":0,"24":0,"25":0},"f":{"0":1,"1":1,"2":1,"3":0},"b":{"0":[0,1]},"inputSourceMap":null,"_coverageSchema":"1a1c01bbd47fc00a2c39e90264f33305004495a9","hash":"1127b4b4ef0c226bd9860f62dc2cef01e31de40e"}
,"G:\\Projects\\Solvd_laba\\personal_project_1\\src\\controllers\\availabilityController.js": {"path":"G:\\Projects\\Solvd_laba\\personal_project_1\\src\\controllers\\availabilityController.js","statementMap":{"0":{"start":{"line":3,"column":37},"end":{"line":10,"column":1}},"1":{"start":{"line":4,"column":2},"end":{"line":9,"column":3}},"2":{"start":{"line":5,"column":25},"end":{"line":5,"column":93}},"3":{"start":{"line":6,"column":4},"end":{"line":6,"column":46}},"4":{"start":{"line":8,"column":4},"end":{"line":8,"column":58}},"5":{"start":{"line":12,"column":37},"end":{"line":19,"column":1}},"6":{"start":{"line":13,"column":2},"end":{"line":18,"column":3}},"7":{"start":{"line":14,"column":25},"end":{"line":14,"column":103}},"8":{"start":{"line":15,"column":4},"end":{"line":15,"column":46}},"9":{"start":{"line":17,"column":4},"end":{"line":17,"column":58}},"10":{"start":{"line":21,"column":40},"end":{"line":28,"column":1}},"11":{"start":{"line":22,"column":2},"end":{"line":27,"column":3}},"12":{"start":{"line":23,"column":25},"end":{"line":23,"column":106}},"13":{"start":{"line":24,"column":4},"end":{"line":24,"column":46}},"14":{"start":{"line":26,"column":4},"end":{"line":26,"column":58}},"15":{"start":{"line":30,"column":40},"end":{"line":37,"column":1}},"16":{"start":{"line":31,"column":2},"end":{"line":36,"column":3}},"17":{"start":{"line":32,"column":4},"end":{"line":32,"column":76}},"18":{"start":{"line":33,"column":4},"end":{"line":33,"column":69}},"19":{"start":{"line":35,"column":4},"end":{"line":35,"column":58}}},"fnMap":{"0":{"name":"(anonymous_0)","decl":{"start":{"line":3,"column":37},"end":{"line":3,"column":38}},"loc":{"start":{"line":3,"column":57},"end":{"line":10,"column":1}},"line":3},"1":{"name":"(anonymous_1)","decl":{"start":{"line":12,"column":37},"end":{"line":12,"column":38}},"loc":{"start":{"line":12,"column":57},"end":{"line":19,"column":1}},"line":12},"2":{"name":"(anonymous_2)","decl":{"start":{"line":21,"column":40},"end":{"line":21,"column":41}},"loc":{"start":{"line":21,"column":60},"end":{"line":28,"column":1}},"line":21},"3":{"name":"(anonymous_3)","decl":{"start":{"line":30,"column":40},"end":{"line":30,"column":41}},"loc":{"start":{"line":30,"column":60},"end":{"line":37,"column":1}},"line":30}},"branchMap":{},"s":{"0":1,"1":0,"2":0,"3":0,"4":0,"5":1,"6":0,"7":0,"8":0,"9":0,"10":1,"11":0,"12":0,"13":0,"14":0,"15":1,"16":0,"17":0,"18":0,"19":0},"f":{"0":0,"1":0,"2":0,"3":0},"b":{},"inputSourceMap":null,"_coverageSchema":"1a1c01bbd47fc00a2c39e90264f33305004495a9","hash":"37b587e15d61e9f8e52d393ddec7b6f938d63a68"}
,"G:\\Projects\\Solvd_laba\\personal_project_1\\src\\controllers\\doctorController.js": {"path":"G:\\Projects\\Solvd_laba\\personal_project_1\\src\\controllers\\doctorController.js","statementMap":{"0":{"start":{"line":3,"column":29},"end":{"line":10,"column":1}},"1":{"start":{"line":4,"column":2},"end":{"line":9,"column":3}},"2":{"start":{"line":5,"column":20},"end":{"line":5,"column":55}},"3":{"start":{"line":6,"column":4},"end":{"line":6,"column":41}},"4":{"start":{"line":8,"column":4},"end":{"line":8,"column":58}},"5":{"start":{"line":12,"column":29},"end":{"line":22,"column":1}},"6":{"start":{"line":13,"column":2},"end":{"line":21,"column":3}},"7":{"start":{"line":14,"column":19},"end":{"line":14,"column":67}},"8":{"start":{"line":15,"column":4},"end":{"line":17,"column":10}},"9":{"start":{"line":16,"column":6},"end":{"line":17,"column":9}},"10":{"start":{"line":18,"column":4},"end":{"line":18,"column":40}},"11":{"start":{"line":20,"column":4},"end":{"line":20,"column":58}},"12":{"start":{"line":24,"column":28},"end":{"line":31,"column":1}},"13":{"start":{"line":25,"column":2},"end":{"line":30,"column":3}},"14":{"start":{"line":26,"column":19},"end":{"line":26,"column":61}},"15":{"start":{"line":27,"column":4},"end":{"line":27,"column":40}},"16":{"start":{"line":29,"column":4},"end":{"line":29,"column":58}},"17":{"start":{"line":33,"column":28},"end":{"line":40,"column":1}},"18":{"start":{"line":34,"column":2},"end":{"line":39,"column":3}},"19":{"start":{"line":35,"column":20},"end":{"line":35,"column":77}},"20":{"start":{"line":36,"column":4},"end":{"line":36,"column":41}},"21":{"start":{"line":38,"column":4},"end":{"line":38,"column":58}},"22":{"start":{"line":42,"column":28},"end":{"line":49,"column":1}},"23":{"start":{"line":43,"column":2},"end":{"line":48,"column":3}},"24":{"start":{"line":44,"column":4},"end":{"line":44,"column":52}},"25":{"start":{"line":45,"column":4},"end":{"line":45,"column":63}},"26":{"start":{"line":47,"column":4},"end":{"line":47,"column":58}}},"fnMap":{"0":{"name":"(anonymous_0)","decl":{"start":{"line":3,"column":29},"end":{"line":3,"column":30}},"loc":{"start":{"line":3,"column":49},"end":{"line":10,"column":1}},"line":3},"1":{"name":"(anonymous_1)","decl":{"start":{"line":12,"column":29},"end":{"line":12,"column":30}},"loc":{"start":{"line":12,"column":49},"end":{"line":22,"column":1}},"line":12},"2":{"name":"(anonymous_2)","decl":{"start":{"line":24,"column":28},"end":{"line":24,"column":29}},"loc":{"start":{"line":24,"column":48},"end":{"line":31,"column":1}},"line":24},"3":{"name":"(anonymous_3)","decl":{"start":{"line":33,"column":28},"end":{"line":33,"column":29}},"loc":{"start":{"line":33,"column":48},"end":{"line":40,"column":1}},"line":33},"4":{"name":"(anonymous_4)","decl":{"start":{"line":42,"column":28},"end":{"line":42,"column":29}},"loc":{"start":{"line":42,"column":48},"end":{"line":49,"column":1}},"line":42}},"branchMap":{"0":{"loc":{"start":{"line":15,"column":4},"end":{"line":17,"column":10}},"type":"if","locations":[{"start":{"line":15,"column":4},"end":{"line":17,"column":10}},{"start":{},"end":{}}],"line":15}},"s":{"0":1,"1":0,"2":0,"3":0,"4":0,"5":1,"6":0,"7":0,"8":0,"9":0,"10":0,"11":0,"12":1,"13":0,"14":0,"15":0,"16":0,"17":1,"18":0,"19":0,"20":0,"21":0,"22":1,"23":0,"24":0,"25":0,"26":0},"f":{"0":0,"1":0,"2":0,"3":0,"4":0},"b":{"0":[0,0]},"inputSourceMap":null,"_coverageSchema":"1a1c01bbd47fc00a2c39e90264f33305004495a9","hash":"d96264ef8e6f5cb5892cd1a75cebdaddc532289a"}
,"G:\\Projects\\Solvd_laba\\personal_project_1\\src\\controllers\\patientController.js": {"path":"G:\\Projects\\Solvd_laba\\personal_project_1\\src\\controllers\\patientController.js","statementMap":{"0":{"start":{"line":3,"column":30},"end":{"line":10,"column":1}},"1":{"start":{"line":4,"column":2},"end":{"line":9,"column":3}},"2":{"start":{"line":5,"column":21},"end":{"line":5,"column":58}},"3":{"start":{"line":6,"column":4},"end":{"line":6,"column":42}},"4":{"start":{"line":8,"column":4},"end":{"line":8,"column":58}},"5":{"start":{"line":12,"column":30},"end":{"line":22,"column":1}},"6":{"start":{"line":13,"column":2},"end":{"line":21,"column":3}},"7":{"start":{"line":14,"column":20},"end":{"line":14,"column":70}},"8":{"start":{"line":15,"column":4},"end":{"line":17,"column":5}},"9":{"start":{"line":16,"column":6},"end":{"line":16,"column":66}},"10":{"start":{"line":18,"column":4},"end":{"line":18,"column":41}},"11":{"start":{"line":20,"column":4},"end":{"line":20,"column":58}},"12":{"start":{"line":24,"column":29},"end":{"line":31,"column":1}},"13":{"start":{"line":25,"column":2},"end":{"line":30,"column":3}},"14":{"start":{"line":26,"column":20},"end":{"line":26,"column":64}},"15":{"start":{"line":27,"column":4},"end":{"line":27,"column":41}},"16":{"start":{"line":29,"column":4},"end":{"line":29,"column":58}},"17":{"start":{"line":33,"column":29},"end":{"line":40,"column":1}},"18":{"start":{"line":34,"column":2},"end":{"line":39,"column":3}},"19":{"start":{"line":35,"column":20},"end":{"line":35,"column":79}},"20":{"start":{"line":36,"column":4},"end":{"line":36,"column":41}},"21":{"start":{"line":38,"column":4},"end":{"line":38,"column":58}},"22":{"start":{"line":42,"column":29},"end":{"line":49,"column":1}},"23":{"start":{"line":43,"column":2},"end":{"line":48,"column":3}},"24":{"start":{"line":44,"column":4},"end":{"line":44,"column":54}},"25":{"start":{"line":45,"column":4},"end":{"line":45,"column":64}},"26":{"start":{"line":47,"column":4},"end":{"line":47,"column":58}}},"fnMap":{"0":{"name":"(anonymous_0)","decl":{"start":{"line":3,"column":30},"end":{"line":3,"column":31}},"loc":{"start":{"line":3,"column":50},"end":{"line":10,"column":1}},"line":3},"1":{"name":"(anonymous_1)","decl":{"start":{"line":12,"column":30},"end":{"line":12,"column":31}},"loc":{"start":{"line":12,"column":50},"end":{"line":22,"column":1}},"line":12},"2":{"name":"(anonymous_2)","decl":{"start":{"line":24,"column":29},"end":{"line":24,"column":30}},"loc":{"start":{"line":24,"column":49},"end":{"line":31,"column":1}},"line":24},"3":{"name":"(anonymous_3)","decl":{"start":{"line":33,"column":29},"end":{"line":33,"column":30}},"loc":{"start":{"line":33,"column":49},"end":{"line":40,"column":1}},"line":33},"4":{"name":"(anonymous_4)","decl":{"start":{"line":42,"column":29},"end":{"line":42,"column":30}},"loc":{"start":{"line":42,"column":49},"end":{"line":49,"column":1}},"line":42}},"branchMap":{"0":{"loc":{"start":{"line":15,"column":4},"end":{"line":17,"column":5}},"type":"if","locations":[{"start":{"line":15,"column":4},"end":{"line":17,"column":5}},{"start":{},"end":{}}],"line":15}},"s":{"0":1,"1":0,"2":0,"3":0,"4":0,"5":1,"6":0,"7":0,"8":0,"9":0,"10":0,"11":0,"12":1,"13":0,"14":0,"15":0,"16":0,"17":1,"18":0,"19":0,"20":0,"21":0,"22":1,"23":0,"24":0,"25":0,"26":0},"f":{"0":0,"1":0,"2":0,"3":0,"4":0},"b":{"0":[0,0]},"inputSourceMap":null,"_coverageSchema":"1a1c01bbd47fc00a2c39e90264f33305004495a9","hash":"bf7d0c1a89685527843bc12da063df07a81269b6"}
,"G:\\Projects\\Solvd_laba\\personal_project_1\\src\\middleware\\authMiddleware.js": {"path":"G:\\Projects\\Solvd_laba\\personal_project_1\\src\\middleware\\authMiddleware.js","statementMap":{"0":{"start":{"line":3,"column":28},"end":{"line":20,"column":1}},"1":{"start":{"line":4,"column":2},"end":{"line":19,"column":3}},"2":{"start":{"line":5,"column":18},"end":{"line":5,"column":58}},"3":{"start":{"line":6,"column":4},"end":{"line":8,"column":5}},"4":{"start":{"line":7,"column":6},"end":{"line":7,"column":61}},"5":{"start":{"line":10,"column":19},"end":{"line":10,"column":55}},"6":{"start":{"line":11,"column":4},"end":{"line":13,"column":5}},"7":{"start":{"line":12,"column":6},"end":{"line":12,"column":62}},"8":{"start":{"line":15,"column":4},"end":{"line":15,"column":24}},"9":{"start":{"line":16,"column":4},"end":{"line":16,"column":11}},"10":{"start":{"line":18,"column":4},"end":{"line":18,"column":59}}},"fnMap":{"0":{"name":"(anonymous_0)","decl":{"start":{"line":3,"column":28},"end":{"line":3,"column":29}},"loc":{"start":{"line":3,"column":54},"end":{"line":20,"column":1}},"line":3}},"branchMap":{"0":{"loc":{"start":{"line":6,"column":4},"end":{"line":8,"column":5}},"type":"if","locations":[{"start":{"line":6,"column":4},"end":{"line":8,"column":5}},{"start":{},"end":{}}],"line":6},"1":{"loc":{"start":{"line":11,"column":4},"end":{"line":13,"column":5}},"type":"if","locations":[{"start":{"line":11,"column":4},"end":{"line":13,"column":5}},{"start":{},"end":{}}],"line":11}},"s":{"0":1,"1":0,"2":0,"3":0,"4":0,"5":0,"6":0,"7":0,"8":0,"9":0,"10":0},"f":{"0":0},"b":{"0":[0,0],"1":[0,0]},"inputSourceMap":null,"_coverageSchema":"1a1c01bbd47fc00a2c39e90264f33305004495a9","hash":"73747d359c3aa26cb470a16121e5ca790052e1b5"}
,"G:\\Projects\\Solvd_laba\\personal_project_1\\src\\models\\appointmentModel.js": {"path":"G:\\Projects\\Solvd_laba\\personal_project_1\\src\\models\\appointmentModel.js","statementMap":{"0":{"start":{"line":3,"column":32},"end":{"line":49,"column":1}},"1":{"start":{"line":5,"column":19},"end":{"line":10,"column":5}},"2":{"start":{"line":11,"column":4},"end":{"line":11,"column":26}},"3":{"start":{"line":15,"column":19},"end":{"line":18,"column":5}},"4":{"start":{"line":19,"column":4},"end":{"line":19,"column":26}},"5":{"start":{"line":23,"column":19},"end":{"line":31,"column":5}},"6":{"start":{"line":32,"column":4},"end":{"line":32,"column":23}},"7":{"start":{"line":36,"column":19},"end":{"line":42,"column":5}},"8":{"start":{"line":43,"column":4},"end":{"line":43,"column":23}},"9":{"start":{"line":47,"column":4},"end":{"line":47,"column":68}}},"fnMap":{"0":{"name":"(anonymous_0)","decl":{"start":{"line":4,"column":2},"end":{"line":4,"column":3}},"loc":{"start":{"line":4,"column":67},"end":{"line":12,"column":3}},"line":4},"1":{"name":"(anonymous_1)","decl":{"start":{"line":14,"column":2},"end":{"line":14,"column":3}},"loc":{"start":{"line":14,"column":21},"end":{"line":20,"column":3}},"line":14},"2":{"name":"(anonymous_2)","decl":{"start":{"line":22,"column":2},"end":{"line":22,"column":3}},"loc":{"start":{"line":22,"column":18},"end":{"line":33,"column":3}},"line":22},"3":{"name":"(anonymous_3)","decl":{"start":{"line":35,"column":2},"end":{"line":35,"column":3}},"loc":{"start":{"line":35,"column":58},"end":{"line":44,"column":3}},"line":35},"4":{"name":"(anonymous_4)","decl":{"start":{"line":46,"column":2},"end":{"line":46,"column":3}},"loc":{"start":{"line":46,"column":30},"end":{"line":48,"column":3}},"line":46}},"branchMap":{},"s":{"0":1,"1":0,"2":0,"3":0,"4":0,"5":0,"6":0,"7":0,"8":0,"9":0},"f":{"0":0,"1":0,"2":0,"3":0,"4":0},"b":{},"inputSourceMap":null,"_coverageSchema":"1a1c01bbd47fc00a2c39e90264f33305004495a9","hash":"9e1596b0941630bdc167767df545a7c60e84cc38"}
,"G:\\Projects\\Solvd_laba\\personal_project_1\\src\\models\\authModel.js": {"path":"G:\\Projects\\Solvd_laba\\personal_project_1\\src\\models\\authModel.js","statementMap":{"0":{"start":{"line":4,"column":25},"end":{"line":22,"column":1}},"1":{"start":{"line":6,"column":19},"end":{"line":9,"column":5}},"2":{"start":{"line":10,"column":4},"end":{"line":10,"column":26}},"3":{"start":{"line":14,"column":19},"end":{"line":14,"column":86}},"4":{"start":{"line":15,"column":4},"end":{"line":15,"column":26}},"5":{"start":{"line":19,"column":19},"end":{"line":19,"column":80}},"6":{"start":{"line":20,"column":4},"end":{"line":20,"column":26}}},"fnMap":{"0":{"name":"(anonymous_0)","decl":{"start":{"line":5,"column":2},"end":{"line":5,"column":3}},"loc":{"start":{"line":5,"column":40},"end":{"line":11,"column":3}},"line":5},"1":{"name":"(anonymous_1)","decl":{"start":{"line":13,"column":2},"end":{"line":13,"column":3}},"loc":{"start":{"line":13,"column":27},"end":{"line":16,"column":3}},"line":13},"2":{"name":"(anonymous_2)","decl":{"start":{"line":18,"column":2},"end":{"line":18,"column":3}},"loc":{"start":{"line":18,"column":21},"end":{"line":21,"column":3}},"line":18}},"branchMap":{},"s":{"0":1,"1":0,"2":0,"3":2,"4":0,"5":0,"6":0},"f":{"0":0,"1":2,"2":0},"b":{},"inputSourceMap":null,"_coverageSchema":"1a1c01bbd47fc00a2c39e90264f33305004495a9","hash":"c75d535d484b6454dc37c57a58444b1ec31a0931"}
,"G:\\Projects\\Solvd_laba\\personal_project_1\\src\\models\\availabilityModel.js": {"path":"G:\\Projects\\Solvd_laba\\personal_project_1\\src\\models\\availabilityModel.js","statementMap":{"0":{"start":{"line":3,"column":33},"end":{"line":32,"column":1}},"1":{"start":{"line":5,"column":19},"end":{"line":9,"column":5}},"2":{"start":{"line":10,"column":4},"end":{"line":10,"column":26}},"3":{"start":{"line":14,"column":19},"end":{"line":18,"column":5}},"4":{"start":{"line":19,"column":4},"end":{"line":19,"column":23}},"5":{"start":{"line":23,"column":19},"end":{"line":29,"column":5}},"6":{"start":{"line":30,"column":4},"end":{"line":30,"column":26}}},"fnMap":{"0":{"name":"(anonymous_0)","decl":{"start":{"line":4,"column":2},"end":{"line":4,"column":3}},"loc":{"start":{"line":4,"column":65},"end":{"line":11,"column":3}},"line":4},"1":{"name":"(anonymous_1)","decl":{"start":{"line":13,"column":2},"end":{"line":13,"column":3}},"loc":{"start":{"line":13,"column":18},"end":{"line":20,"column":3}},"line":13},"2":{"name":"(anonymous_2)","decl":{"start":{"line":22,"column":2},"end":{"line":22,"column":3}},"loc":{"start":{"line":22,"column":21},"end":{"line":31,"column":3}},"line":22}},"branchMap":{},"s":{"0":1,"1":0,"2":0,"3":0,"4":0,"5":0,"6":0},"f":{"0":0,"1":0,"2":0},"b":{},"inputSourceMap":null,"_coverageSchema":"1a1c01bbd47fc00a2c39e90264f33305004495a9","hash":"fcecb1ac618b639834489fdab751a5a6720a27b5"}
,"G:\\Projects\\Solvd_laba\\personal_project_1\\src\\models\\doctorModel.js": {"path":"G:\\Projects\\Solvd_laba\\personal_project_1\\src\\models\\doctorModel.js","statementMap":{"0":{"start":{"line":3,"column":27},"end":{"line":49,"column":1}},"1":{"start":{"line":5,"column":19},"end":{"line":10,"column":5}},"2":{"start":{"line":11,"column":4},"end":{"line":11,"column":23}},"3":{"start":{"line":15,"column":19},"end":{"line":21,"column":5}},"4":{"start":{"line":22,"column":4},"end":{"line":22,"column":26}},"5":{"start":{"line":26,"column":19},"end":{"line":31,"column":5}},"6":{"start":{"line":32,"column":4},"end":{"line":32,"column":26}},"7":{"start":{"line":36,"column":19},"end":{"line":42,"column":5}},"8":{"start":{"line":43,"column":4},"end":{"line":43,"column":26}},"9":{"start":{"line":47,"column":4},"end":{"line":47,"column":63}}},"fnMap":{"0":{"name":"(anonymous_0)","decl":{"start":{"line":4,"column":2},"end":{"line":4,"column":3}},"loc":{"start":{"line":4,"column":18},"end":{"line":12,"column":3}},"line":4},"1":{"name":"(anonymous_1)","decl":{"start":{"line":14,"column":2},"end":{"line":14,"column":3}},"loc":{"start":{"line":14,"column":21},"end":{"line":23,"column":3}},"line":14},"2":{"name":"(anonymous_2)","decl":{"start":{"line":25,"column":2},"end":{"line":25,"column":3}},"loc":{"start":{"line":25,"column":39},"end":{"line":33,"column":3}},"line":25},"3":{"name":"(anonymous_3)","decl":{"start":{"line":35,"column":2},"end":{"line":35,"column":3}},"loc":{"start":{"line":35,"column":43},"end":{"line":44,"column":3}},"line":35},"4":{"name":"(anonymous_4)","decl":{"start":{"line":46,"column":2},"end":{"line":46,"column":3}},"loc":{"start":{"line":46,"column":19},"end":{"line":48,"column":3}},"line":46}},"branchMap":{},"s":{"0":1,"1":0,"2":0,"3":0,"4":0,"5":0,"6":0,"7":0,"8":0,"9":0},"f":{"0":0,"1":0,"2":0,"3":0,"4":0},"b":{},"inputSourceMap":null,"_coverageSchema":"1a1c01bbd47fc00a2c39e90264f33305004495a9","hash":"fa423a144021435331f703fab87cc553edba267e"}
,"G:\\Projects\\Solvd_laba\\personal_project_1\\src\\models\\patientModel.js": {"path":"G:\\Projects\\Solvd_laba\\personal_project_1\\src\\models\\patientModel.js","statementMap":{"0":{"start":{"line":3,"column":28},"end":{"line":24,"column":1}},"1":{"start":{"line":5,"column":19},"end":{"line":8,"column":5}},"2":{"start":{"line":9,"column":4},"end":{"line":9,"column":26}},"3":{"start":{"line":13,"column":19},"end":{"line":13,"column":60}},"4":{"start":{"line":14,"column":4},"end":{"line":14,"column":23}},"5":{"start":{"line":18,"column":19},"end":{"line":21,"column":5}},"6":{"start":{"line":22,"column":4},"end":{"line":22,"column":26}}},"fnMap":{"0":{"name":"(anonymous_0)","decl":{"start":{"line":4,"column":2},"end":{"line":4,"column":3}},"loc":{"start":{"line":4,"column":39},"end":{"line":10,"column":3}},"line":4},"1":{"name":"(anonymous_1)","decl":{"start":{"line":12,"column":2},"end":{"line":12,"column":3}},"loc":{"start":{"line":12,"column":18},"end":{"line":15,"column":3}},"line":12},"2":{"name":"(anonymous_2)","decl":{"start":{"line":17,"column":2},"end":{"line":17,"column":3}},"loc":{"start":{"line":17,"column":21},"end":{"line":23,"column":3}},"line":17}},"branchMap":{},"s":{"0":1,"1":0,"2":0,"3":0,"4":0,"5":0,"6":0},"f":{"0":0,"1":0,"2":0},"b":{},"inputSourceMap":null,"_coverageSchema":"1a1c01bbd47fc00a2c39e90264f33305004495a9","hash":"b23953f257ddcbcdab9edd5851b948d0d74ddf06"}
,"G:\\Projects\\Solvd_laba\\personal_project_1\\src\\routes\\appointmentRoutes.js": {"path":"G:\\Projects\\Solvd_laba\\personal_project_1\\src\\routes\\appointmentRoutes.js","statementMap":{"0":{"start":{"line":5,"column":15},"end":{"line":5,"column":31}},"1":{"start":{"line":7,"column":0},"end":{"line":7,"column":72}},"2":{"start":{"line":8,"column":0},"end":{"line":8,"column":75}},"3":{"start":{"line":9,"column":0},"end":{"line":9,"column":72}},"4":{"start":{"line":10,"column":0},"end":{"line":10,"column":74}},"5":{"start":{"line":11,"column":0},"end":{"line":11,"column":77}}},"fnMap":{},"branchMap":{},"s":{"0":1,"1":1,"2":1,"3":1,"4":1,"5":1},"f":{},"b":{},"inputSourceMap":null,"_coverageSchema":"1a1c01bbd47fc00a2c39e90264f33305004495a9","hash":"e9f85fa255d057d967727d050b50f59e376d524d"}
,"G:\\Projects\\Solvd_laba\\personal_project_1\\src\\routes\\authRoutes.js": {"path":"G:\\Projects\\Solvd_laba\\personal_project_1\\src\\routes\\authRoutes.js","statementMap":{"0":{"start":{"line":4,"column":15},"end":{"line":4,"column":31}},"1":{"start":{"line":6,"column":0},"end":{"line":6,"column":50}},"2":{"start":{"line":7,"column":0},"end":{"line":7,"column":44}},"3":{"start":{"line":8,"column":0},"end":{"line":8,"column":46}}},"fnMap":{},"branchMap":{},"s":{"0":1,"1":1,"2":1,"3":1},"f":{},"b":{},"inputSourceMap":null,"_coverageSchema":"1a1c01bbd47fc00a2c39e90264f33305004495a9","hash":"435a81bebe364d2a4f22dc2d72233abf66bac3b9"}
,"G:\\Projects\\Solvd_laba\\personal_project_1\\src\\routes\\availabilityRoutes.js": {"path":"G:\\Projects\\Solvd_laba\\personal_project_1\\src\\routes\\availabilityRoutes.js","statementMap":{"0":{"start":{"line":5,"column":15},"end":{"line":5,"column":31}},"1":{"start":{"line":7,"column":0},"end":{"line":7,"column":85}},"2":{"start":{"line":8,"column":0},"end":{"line":8,"column":86}},"3":{"start":{"line":9,"column":0},"end":{"line":9,"column":88}},"4":{"start":{"line":10,"column":0},"end":{"line":10,"column":91}}},"fnMap":{},"branchMap":{},"s":{"0":1,"1":1,"2":1,"3":1,"4":1},"f":{},"b":{},"inputSourceMap":null,"_coverageSchema":"1a1c01bbd47fc00a2c39e90264f33305004495a9","hash":"c828b99e1829239f2c7cae6f379d0f1cac7b55d4"}
,"G:\\Projects\\Solvd_laba\\personal_project_1\\src\\routes\\doctorRoutes.js": {"path":"G:\\Projects\\Solvd_laba\\personal_project_1\\src\\routes\\doctorRoutes.js","statementMap":{"0":{"start":{"line":5,"column":15},"end":{"line":5,"column":31}},"1":{"start":{"line":7,"column":0},"end":{"line":7,"column":62}},"2":{"start":{"line":8,"column":0},"end":{"line":8,"column":65}},"3":{"start":{"line":9,"column":0},"end":{"line":9,"column":62}},"4":{"start":{"line":10,"column":0},"end":{"line":10,"column":64}},"5":{"start":{"line":11,"column":0},"end":{"line":11,"column":67}}},"fnMap":{},"branchMap":{},"s":{"0":1,"1":1,"2":1,"3":1,"4":1,"5":1},"f":{},"b":{},"inputSourceMap":null,"_coverageSchema":"1a1c01bbd47fc00a2c39e90264f33305004495a9","hash":"1b112ce68e944ce3ff7078ed050a63413da2e63f"}
,"G:\\Projects\\Solvd_laba\\personal_project_1\\src\\routes\\homeRoutes.js": {"path":"G:\\Projects\\Solvd_laba\\personal_project_1\\src\\routes\\homeRoutes.js","statementMap":{"0":{"start":{"line":4,"column":15},"end":{"line":4,"column":31}},"1":{"start":{"line":6,"column":0},"end":{"line":8,"column":3}},"2":{"start":{"line":7,"column":2},"end":{"line":7,"column":74}}},"fnMap":{"0":{"name":"(anonymous_0)","decl":{"start":{"line":6,"column":30},"end":{"line":6,"column":31}},"loc":{"start":{"line":6,"column":44},"end":{"line":8,"column":1}},"line":6}},"branchMap":{},"s":{"0":1,"1":1,"2":0},"f":{"0":0},"b":{},"inputSourceMap":null,"_coverageSchema":"1a1c01bbd47fc00a2c39e90264f33305004495a9","hash":"1a275f9b1b816f5341b9b60b0076a99c5cfe0eba"}
,"G:\\Projects\\Solvd_laba\\personal_project_1\\src\\routes\\index.js": {"path":"G:\\Projects\\Solvd_laba\\personal_project_1\\src\\routes\\index.js","statementMap":{"0":{"start":{"line":10,"column":15},"end":{"line":10,"column":31}},"1":{"start":{"line":12,"column":0},"end":{"line":12,"column":32}},"2":{"start":{"line":13,"column":0},"end":{"line":13,"column":39}},"3":{"start":{"line":14,"column":0},"end":{"line":14,"column":37}},"4":{"start":{"line":15,"column":0},"end":{"line":15,"column":47}},"5":{"start":{"line":16,"column":0},"end":{"line":16,"column":48}},"6":{"start":{"line":17,"column":0},"end":{"line":17,"column":28}}},"fnMap":{},"branchMap":{},"s":{"0":1,"1":1,"2":1,"3":1,"4":1,"5":1,"6":1},"f":{},"b":{},"inputSourceMap":null,"_coverageSchema":"1a1c01bbd47fc00a2c39e90264f33305004495a9","hash":"a78b0b06a9730a955aadcb9b3e1032955819d605"}
,"G:\\Projects\\Solvd_laba\\personal_project_1\\src\\routes\\patientRoutes.js": {"path":"G:\\Projects\\Solvd_laba\\personal_project_1\\src\\routes\\patientRoutes.js","statementMap":{"0":{"start":{"line":5,"column":15},"end":{"line":5,"column":31}},"1":{"start":{"line":7,"column":0},"end":{"line":7,"column":64}},"2":{"start":{"line":8,"column":0},"end":{"line":8,"column":67}},"3":{"start":{"line":9,"column":0},"end":{"line":9,"column":64}},"4":{"start":{"line":10,"column":0},"end":{"line":10,"column":66}},"5":{"start":{"line":11,"column":0},"end":{"line":11,"column":69}}},"fnMap":{},"branchMap":{},"s":{"0":1,"1":1,"2":1,"3":1,"4":1,"5":1},"f":{},"b":{},"inputSourceMap":null,"_coverageSchema":"1a1c01bbd47fc00a2c39e90264f33305004495a9","hash":"a2604ba013c7e83f744ec837196161669ce57af0"}
,"G:\\Projects\\Solvd_laba\\personal_project_1\\src\\services\\appointmentService.js": {"path":"G:\\Projects\\Solvd_laba\\personal_project_1\\src\\services\\appointmentService.js","statementMap":{"0":{"start":{"line":3,"column":34},"end":{"line":33,"column":1}},"1":{"start":{"line":5,"column":22},"end":{"line":9,"column":5}},"2":{"start":{"line":10,"column":4},"end":{"line":12,"column":5}},"3":{"start":{"line":11,"column":6},"end":{"line":11,"column":62}},"4":{"start":{"line":14,"column":4},"end":{"line":19,"column":6}},"5":{"start":{"line":23,"column":4},"end":{"line":23,"column":44}},"6":{"start":{"line":27,"column":4},"end":{"line":27,"column":47}},"7":{"start":{"line":31,"column":4},"end":{"line":31,"column":49}}},"fnMap":{"0":{"name":"(anonymous_0)","decl":{"start":{"line":4,"column":2},"end":{"line":4,"column":3}},"loc":{"start":{"line":4,"column":56},"end":{"line":20,"column":3}},"line":4},"1":{"name":"(anonymous_1)","decl":{"start":{"line":22,"column":2},"end":{"line":22,"column":3}},"loc":{"start":{"line":22,"column":17},"end":{"line":24,"column":3}},"line":22},"2":{"name":"(anonymous_2)","decl":{"start":{"line":26,"column":2},"end":{"line":26,"column":3}},"loc":{"start":{"line":26,"column":20},"end":{"line":28,"column":3}},"line":26},"3":{"name":"(anonymous_3)","decl":{"start":{"line":30,"column":2},"end":{"line":30,"column":3}},"loc":{"start":{"line":30,"column":19},"end":{"line":32,"column":3}},"line":30}},"branchMap":{"0":{"loc":{"start":{"line":10,"column":4},"end":{"line":12,"column":5}},"type":"if","locations":[{"start":{"line":10,"column":4},"end":{"line":12,"column":5}},{"start":{},"end":{}}],"line":10}},"s":{"0":1,"1":0,"2":0,"3":0,"4":0,"5":0,"6":0,"7":0},"f":{"0":0,"1":0,"2":0,"3":0},"b":{"0":[0,0]},"inputSourceMap":null,"_coverageSchema":"1a1c01bbd47fc00a2c39e90264f33305004495a9","hash":"1183b849a567e5a9bc50611a568006e36138fc7b"}
,"G:\\Projects\\Solvd_laba\\personal_project_1\\src\\services\\authService.js": {"path":"G:\\Projects\\Solvd_laba\\personal_project_1\\src\\services\\authService.js","statementMap":{"0":{"start":{"line":6,"column":19},"end":{"line":6,"column":58}},"1":{"start":{"line":10,"column":23},"end":{"line":10,"column":57}},"2":{"start":{"line":11,"column":2},"end":{"line":13,"column":3}},"3":{"start":{"line":12,"column":4},"end":{"line":12,"column":43}},"4":{"start":{"line":15,"column":25},"end":{"line":15,"column":56}},"5":{"start":{"line":16,"column":18},"end":{"line":16,"column":67}},"6":{"start":{"line":17,"column":2},"end":{"line":17,"column":50}},"7":{"start":{"line":22,"column":15},"end":{"line":22,"column":49}},"8":{"start":{"line":23,"column":2},"end":{"line":25,"column":3}},"9":{"start":{"line":24,"column":4},"end":{"line":24,"column":49}},"10":{"start":{"line":27,"column":18},"end":{"line":27,"column":63}},"11":{"start":{"line":28,"column":2},"end":{"line":30,"column":3}},"12":{"start":{"line":29,"column":4},"end":{"line":29,"column":49}},"13":{"start":{"line":32,"column":16},"end":{"line":32,"column":78}},"14":{"start":{"line":33,"column":2},"end":{"line":33,"column":15}},"15":{"start":{"line":39,"column":2},"end":{"line":39,"column":14}},"16":{"start":{"line":44,"column":15},"end":{"line":44,"column":47}},"17":{"start":{"line":45,"column":2},"end":{"line":45,"column":49}},"18":{"start":{"line":45,"column":14},"end":{"line":45,"column":48}},"19":{"start":{"line":46,"column":2},"end":{"line":46,"column":44}}},"fnMap":{"0":{"name":"register","decl":{"start":{"line":9,"column":22},"end":{"line":9,"column":30}},"loc":{"start":{"line":9,"column":48},"end":{"line":18,"column":1}},"line":9},"1":{"name":"login","decl":{"start":{"line":21,"column":22},"end":{"line":21,"column":27}},"loc":{"start":{"line":21,"column":45},"end":{"line":34,"column":1}},"line":21},"2":{"name":"logout","decl":{"start":{"line":37,"column":22},"end":{"line":37,"column":28}},"loc":{"start":{"line":37,"column":36},"end":{"line":40,"column":1}},"line":37},"3":{"name":"getUserFromToken","decl":{"start":{"line":43,"column":22},"end":{"line":43,"column":38}},"loc":{"start":{"line":43,"column":47},"end":{"line":47,"column":1}},"line":43}},"branchMap":{"0":{"loc":{"start":{"line":6,"column":19},"end":{"line":6,"column":58}},"type":"binary-expr","locations":[{"start":{"line":6,"column":19},"end":{"line":6,"column":41}},{"start":{"line":6,"column":45},"end":{"line":6,"column":58}}],"line":6},"1":{"loc":{"start":{"line":11,"column":2},"end":{"line":13,"column":3}},"type":"if","locations":[{"start":{"line":11,"column":2},"end":{"line":13,"column":3}},{"start":{},"end":{}}],"line":11},"2":{"loc":{"start":{"line":23,"column":2},"end":{"line":25,"column":3}},"type":"if","locations":[{"start":{"line":23,"column":2},"end":{"line":25,"column":3}},{"start":{},"end":{}}],"line":23},"3":{"loc":{"start":{"line":28,"column":2},"end":{"line":30,"column":3}},"type":"if","locations":[{"start":{"line":28,"column":2},"end":{"line":30,"column":3}},{"start":{},"end":{}}],"line":28},"4":{"loc":{"start":{"line":45,"column":2},"end":{"line":45,"column":49}},"type":"if","locations":[{"start":{"line":45,"column":2},"end":{"line":45,"column":49}},{"start":{},"end":{}}],"line":45}},"s":{"0":1,"1":1,"2":0,"3":0,"4":0,"5":0,"6":0,"7":1,"8":0,"9":0,"10":0,"11":0,"12":0,"13":0,"14":0,"15":1,"16":0,"17":0,"18":0,"19":0},"f":{"0":1,"1":1,"2":1,"3":0},"b":{"0":[1,1],"1":[0,0],"2":[0,0],"3":[0,0],"4":[0,0]},"inputSourceMap":null,"_coverageSchema":"1a1c01bbd47fc00a2c39e90264f33305004495a9","hash":"8cba9a809c1031c2e9d77afdbfacaac2ffd16494"}
,"G:\\Projects\\Solvd_laba\\personal_project_1\\src\\services\\availabilityService.js": {"path":"G:\\Projects\\Solvd_laba\\personal_project_1\\src\\services\\availabilityService.js","statementMap":{"0":{"start":{"line":3,"column":35},"end":{"line":15,"column":1}},"1":{"start":{"line":5,"column":4},"end":{"line":5,"column":48}},"2":{"start":{"line":9,"column":4},"end":{"line":9,"column":45}},"3":{"start":{"line":13,"column":4},"end":{"line":13,"column":48}}},"fnMap":{"0":{"name":"(anonymous_0)","decl":{"start":{"line":4,"column":2},"end":{"line":4,"column":3}},"loc":{"start":{"line":4,"column":33},"end":{"line":6,"column":3}},"line":4},"1":{"name":"(anonymous_1)","decl":{"start":{"line":8,"column":2},"end":{"line":8,"column":3}},"loc":{"start":{"line":8,"column":31},"end":{"line":10,"column":3}},"line":8},"2":{"name":"(anonymous_2)","decl":{"start":{"line":12,"column":2},"end":{"line":12,"column":3}},"loc":{"start":{"line":12,"column":32},"end":{"line":14,"column":3}},"line":12}},"branchMap":{},"s":{"0":1,"1":0,"2":0,"3":0},"f":{"0":0,"1":0,"2":0},"b":{},"inputSourceMap":null,"_coverageSchema":"1a1c01bbd47fc00a2c39e90264f33305004495a9","hash":"bf5f97f4344e24e7ca000758fbe5461dccdd8733"}
,"G:\\Projects\\Solvd_laba\\personal_project_1\\src\\services\\doctorService.js": {"path":"G:\\Projects\\Solvd_laba\\personal_project_1\\src\\services\\doctorService.js","statementMap":{"0":{"start":{"line":3,"column":29},"end":{"line":27,"column":1}},"1":{"start":{"line":5,"column":4},"end":{"line":5,"column":39}},"2":{"start":{"line":9,"column":19},"end":{"line":9,"column":49}},"3":{"start":{"line":10,"column":4},"end":{"line":10,"column":55}},"4":{"start":{"line":10,"column":18},"end":{"line":10,"column":54}},"5":{"start":{"line":11,"column":4},"end":{"line":11,"column":18}},"6":{"start":{"line":15,"column":4},"end":{"line":15,"column":60}},"7":{"start":{"line":19,"column":20},"end":{"line":19,"column":72}},"8":{"start":{"line":20,"column":4},"end":{"line":20,"column":56}},"9":{"start":{"line":20,"column":19},"end":{"line":20,"column":55}},"10":{"start":{"line":21,"column":4},"end":{"line":21,"column":19}},"11":{"start":{"line":25,"column":4},"end":{"line":25,"column":33}}},"fnMap":{"0":{"name":"(anonymous_0)","decl":{"start":{"line":4,"column":2},"end":{"line":4,"column":3}},"loc":{"start":{"line":4,"column":17},"end":{"line":6,"column":3}},"line":4},"1":{"name":"(anonymous_1)","decl":{"start":{"line":8,"column":2},"end":{"line":8,"column":3}},"loc":{"start":{"line":8,"column":20},"end":{"line":12,"column":3}},"line":8},"2":{"name":"(anonymous_2)","decl":{"start":{"line":14,"column":2},"end":{"line":14,"column":3}},"loc":{"start":{"line":14,"column":39},"end":{"line":16,"column":3}},"line":14},"3":{"name":"(anonymous_3)","decl":{"start":{"line":18,"column":2},"end":{"line":18,"column":3}},"loc":{"start":{"line":18,"column":43},"end":{"line":22,"column":3}},"line":18},"4":{"name":"(anonymous_4)","decl":{"start":{"line":24,"column":2},"end":{"line":24,"column":3}},"loc":{"start":{"line":24,"column":19},"end":{"line":26,"column":3}},"line":24}},"branchMap":{"0":{"loc":{"start":{"line":10,"column":4},"end":{"line":10,"column":55}},"type":"if","locations":[{"start":{"line":10,"column":4},"end":{"line":10,"column":55}},{"start":{},"end":{}}],"line":10},"1":{"loc":{"start":{"line":20,"column":4},"end":{"line":20,"column":56}},"type":"if","locations":[{"start":{"line":20,"column":4},"end":{"line":20,"column":56}},{"start":{},"end":{}}],"line":20}},"s":{"0":1,"1":0,"2":0,"3":0,"4":0,"5":0,"6":0,"7":0,"8":0,"9":0,"10":0,"11":0},"f":{"0":0,"1":0,"2":0,"3":0,"4":0},"b":{"0":[0,0],"1":[0,0]},"inputSourceMap":null,"_coverageSchema":"1a1c01bbd47fc00a2c39e90264f33305004495a9","hash":"118ce8f26c5c4a81c8ef2350e903376d137f6d61"}
,"G:\\Projects\\Solvd_laba\\personal_project_1\\src\\services\\patientService.js": {"path":"G:\\Projects\\Solvd_laba\\personal_project_1\\src\\services\\patientService.js","statementMap":{"0":{"start":{"line":3,"column":30},"end":{"line":15,"column":1}},"1":{"start":{"line":5,"column":4},"end":{"line":5,"column":43}},"2":{"start":{"line":9,"column":4},"end":{"line":9,"column":40}},"3":{"start":{"line":13,"column":4},"end":{"line":13,"column":43}}},"fnMap":{"0":{"name":"(anonymous_0)","decl":{"start":{"line":4,"column":2},"end":{"line":4,"column":3}},"loc":{"start":{"line":4,"column":28},"end":{"line":6,"column":3}},"line":4},"1":{"name":"(anonymous_1)","decl":{"start":{"line":8,"column":2},"end":{"line":8,"column":3}},"loc":{"start":{"line":8,"column":25},"end":{"line":10,"column":3}},"line":8},"2":{"name":"(anonymous_2)","decl":{"start":{"line":12,"column":2},"end":{"line":12,"column":3}},"loc":{"start":{"line":12,"column":27},"end":{"line":14,"column":3}},"line":12}},"branchMap":{},"s":{"0":1,"1":0,"2":0,"3":0},"f":{"0":0,"1":0,"2":0},"b":{},"inputSourceMap":null,"_coverageSchema":"1a1c01bbd47fc00a2c39e90264f33305004495a9","hash":"7cea96c2ca8d5207960d714464fc04323b87e6df"}
,"G:\\Projects\\Solvd_laba\\personal_project_1\\src\\utils\\redisService.js": {"path":"G:\\Projects\\Solvd_laba\\personal_project_1\\src\\utils\\redisService.js","statementMap":{"0":{"start":{"line":5,"column":29},"end":{"line":9,"column":1}},"1":{"start":{"line":6,"column":16},"end":{"line":6,"column":24}},"2":{"start":{"line":7,"column":2},"end":{"line":7,"column":58}},"3":{"start":{"line":8,"column":2},"end":{"line":8,"column":15}},"4":{"start":{"line":11,"column":26},"end":{"line":13,"column":1}},"5":{"start":{"line":12,"column":2},"end":{"line":12,"column":45}},"6":{"start":{"line":15,"column":29},"end":{"line":17,"column":1}},"7":{"start":{"line":16,"column":2},"end":{"line":16,"column":38}}},"fnMap":{"0":{"name":"(anonymous_0)","decl":{"start":{"line":5,"column":29},"end":{"line":5,"column":30}},"loc":{"start":{"line":5,"column":47},"end":{"line":9,"column":1}},"line":5},"1":{"name":"(anonymous_1)","decl":{"start":{"line":11,"column":26},"end":{"line":11,"column":27}},"loc":{"start":{"line":11,"column":43},"end":{"line":13,"column":1}},"line":11},"2":{"name":"(anonymous_2)","decl":{"start":{"line":15,"column":29},"end":{"line":15,"column":30}},"loc":{"start":{"line":15,"column":46},"end":{"line":17,"column":1}},"line":15}},"branchMap":{},"s":{"0":1,"1":0,"2":0,"3":0,"4":1,"5":0,"6":1,"7":0},"f":{"0":0,"1":0,"2":0},"b":{},"inputSourceMap":null,"_coverageSchema":"1a1c01bbd47fc00a2c39e90264f33305004495a9","hash":"9098283f5e34f31295d58cc766ae25e1f05d5665"}
}
